execve("./hello", ["./hello"], 0x7ffecc27fb78 /* 21 vars */) = 0 <0.000196>
brk(NULL)                               = 0x55c56e791000 <0.000008>
access("/etc/ld.so.preload", R_OK)      = -1 ENOENT (No such file or directory) <0.000012>
openat(AT_FDCWD, "/etc/ld.so.cache", O_RDONLY|O_CLOEXEC) = 3 <0.000011>
fstat(3, {st_mode=S_IFREG|0644, st_size=26109, ...}) = 0 <0.000008>
mmap(NULL, 26109, PROT_READ, MAP_PRIVATE, 3, 0) = 0x7fa02a596000 <0.000009>
close(3)                                = 0 <0.000007>
openat(AT_FDCWD, "/lib/x86_64-linux-gnu/libc.so.6", O_RDONLY|O_CLOEXEC) = 3 <0.000011>
read(3, "\177ELF\2\1\1\3\0\0\0\0\0\0\0\0\3\0>\0\1\0\0\0@>\2\0\0\0\0\0"..., 832) = 832 <0.000008>
fstat(3, {st_mode=S_IFREG|0755, st_size=1901536, ...}) = 0 <0.000054>
mmap(NULL, 8192, PROT_READ|PROT_WRITE, MAP_PRIVATE|MAP_ANONYMOUS, -1, 0) = 0x7fa02a594000 <0.000082>
mmap(NULL, 1914496, PROT_READ, MAP_PRIVATE|MAP_DENYWRITE, 3, 0) = 0x7fa02a3c0000 <0.000022>
mmap(0x7fa02a3e2000, 1413120, PROT_READ|PROT_EXEC, MAP_PRIVATE|MAP_FIXED|MAP_DENYWRITE, 3, 0x22000) = 0x7fa02a3e2000 <0.000028>
mmap(0x7fa02a53b000, 323584, PROT_READ, MAP_PRIVATE|MAP_FIXED|MAP_DENYWRITE, 3, 0x17b000) = 0x7fa02a53b000 <0.000022>
mmap(0x7fa02a58a000, 24576, PROT_READ|PROT_WRITE, MAP_PRIVATE|MAP_FIXED|MAP_DENYWRITE, 3, 0x1c9000) = 0x7fa02a58a000 <0.000022>
mmap(0x7fa02a590000, 13952, PROT_READ|PROT_WRITE, MAP_PRIVATE|MAP_FIXED|MAP_ANONYMOUS, -1, 0) = 0x7fa02a590000 <0.000020>
close(3)                                = 0 <0.000017>
arch_prctl(ARCH_SET_FS, 0x7fa02a595540) = 0 <0.000018>
mprotect(0x7fa02a58a000, 16384, PROT_READ) = 0 <0.000015>
mprotect(0x55c56d8ae000, 4096, PROT_READ) = 0 <0.000011>
mprotect(0x7fa02a5c7000, 4096, PROT_READ) = 0 <0.000013>
munmap(0x7fa02a596000, 26109)           = 0 <0.000018>
fstat(1, {st_mode=S_IFCHR|0620, st_rdev=makedev(0x88, 0), ...}) = 0 <0.000009>
brk(NULL)                               = 0x55c56e791000 <0.000007>
brk(0x55c56e7b2000)                     = 0x55c56e7b2000 <0.000009>
write(1, "hello world\n", 12)           = 12 <0.000189>
exit_group(0)                           = ?
+++ exited with 0 +++
