execve("/usr/bin/python3", ["python3", "hello.py"], 0x7fffc6c098d8 /* 21 vars */) = 0
brk(NULL)                               = 0x1611000
access("/etc/ld.so.preload", R_OK)      = -1 ENOENT (No such file or directory)
openat(AT_FDCWD, "/etc/ld.so.cache", O_RDONLY|O_CLOEXEC) = 3
fstat(3, {st_mode=S_IFREG|0644, st_size=26109, ...}) = 0
mmap(NULL, 26109, PROT_READ, MAP_PRIVATE, 3, 0) = 0x7f00ce758000
close(3)                                = 0
openat(AT_FDCWD, "/lib/x86_64-linux-gnu/libpthread.so.0", O_RDONLY|O_CLOEXEC) = 3
read(3, "\177ELF\2\1\1\0\0\0\0\0\0\0\0\0\3\0>\0\1\0\0\0 l\0\0\0\0\0\0"..., 832) = 832
fstat(3, {st_mode=S_IFREG|0755, st_size=149520, ...}) = 0
mmap(NULL, 8192, PROT_READ|PROT_WRITE, MAP_PRIVATE|MAP_ANONYMOUS, -1, 0) = 0x7f00ce756000
mmap(NULL, 136304, PROT_READ, MAP_PRIVATE|MAP_DENYWRITE, 3, 0) = 0x7f00ce734000
mmap(0x7f00ce73a000, 65536, PROT_READ|PROT_EXEC, MAP_PRIVATE|MAP_FIXED|MAP_DENYWRITE, 3, 0x6000) = 0x7f00ce73a000
mmap(0x7f00ce74a000, 24576, PROT_READ, MAP_PRIVATE|MAP_FIXED|MAP_DENYWRITE, 3, 0x16000) = 0x7f00ce74a000
mmap(0x7f00ce750000, 8192, PROT_READ|PROT_WRITE, MAP_PRIVATE|MAP_FIXED|MAP_DENYWRITE, 3, 0x1b000) = 0x7f00ce750000
mmap(0x7f00ce752000, 13424, PROT_READ|PROT_WRITE, MAP_PRIVATE|MAP_FIXED|MAP_ANONYMOUS, -1, 0) = 0x7f00ce752000
close(3)                                = 0
openat(AT_FDCWD, "/lib/x86_64-linux-gnu/libdl.so.2", O_RDONLY|O_CLOEXEC) = 3
read(3, "\177ELF\2\1\1\0\0\0\0\0\0\0\0\0\3\0>\0\1\0\0\0000\21\0\0\0\0\0\0"..., 832) = 832
fstat(3, {st_mode=S_IFREG|0644, st_size=18688, ...}) = 0
mmap(NULL, 20752, PROT_READ, MAP_PRIVATE|MAP_DENYWRITE, 3, 0) = 0x7f00ce72e000
mmap(0x7f00ce72f000, 8192, PROT_READ|PROT_EXEC, MAP_PRIVATE|MAP_FIXED|MAP_DENYWRITE, 3, 0x1000) = 0x7f00ce72f000
mmap(0x7f00ce731000, 4096, PROT_READ, MAP_PRIVATE|MAP_FIXED|MAP_DENYWRITE, 3, 0x3000) = 0x7f00ce731000
mmap(0x7f00ce732000, 8192, PROT_READ|PROT_WRITE, MAP_PRIVATE|MAP_FIXED|MAP_DENYWRITE, 3, 0x3000) = 0x7f00ce732000
close(3)                                = 0
openat(AT_FDCWD, "/lib/x86_64-linux-gnu/libutil.so.1", O_RDONLY|O_CLOEXEC) = 3
read(3, "\177ELF\2\1\1\0\0\0\0\0\0\0\0\0\3\0>\0\1\0\0\0\20\22\0\0\0\0\0\0"..., 832) = 832
fstat(3, {st_mode=S_IFREG|0644, st_size=14720, ...}) = 0
mmap(NULL, 16656, PROT_READ, MAP_PRIVATE|MAP_DENYWRITE, 3, 0) = 0x7f00ce729000
mmap(0x7f00ce72a000, 4096, PROT_READ|PROT_EXEC, MAP_PRIVATE|MAP_FIXED|MAP_DENYWRITE, 3, 0x1000) = 0x7f00ce72a000
mmap(0x7f00ce72b000, 4096, PROT_READ, MAP_PRIVATE|MAP_FIXED|MAP_DENYWRITE, 3, 0x2000) = 0x7f00ce72b000
mmap(0x7f00ce72c000, 8192, PROT_READ|PROT_WRITE, MAP_PRIVATE|MAP_FIXED|MAP_DENYWRITE, 3, 0x2000) = 0x7f00ce72c000
close(3)                                = 0
openat(AT_FDCWD, "/lib/x86_64-linux-gnu/libm.so.6", O_RDONLY|O_CLOEXEC) = 3
read(3, "\177ELF\2\1\1\3\0\0\0\0\0\0\0\0\3\0>\0\1\0\0\0\0\322\0\0\0\0\0\0"..., 832) = 832
fstat(3, {st_mode=S_IFREG|0644, st_size=1321344, ...}) = 0
mmap(NULL, 1323280, PROT_READ, MAP_PRIVATE|MAP_DENYWRITE, 3, 0) = 0x7f00ce5e5000
mmap(0x7f00ce5f2000, 630784, PROT_READ|PROT_EXEC, MAP_PRIVATE|MAP_FIXED|MAP_DENYWRITE, 3, 0xd000) = 0x7f00ce5f2000
mmap(0x7f00ce68c000, 634880, PROT_READ, MAP_PRIVATE|MAP_FIXED|MAP_DENYWRITE, 3, 0xa7000) = 0x7f00ce68c000
mmap(0x7f00ce727000, 8192, PROT_READ|PROT_WRITE, MAP_PRIVATE|MAP_FIXED|MAP_DENYWRITE, 3, 0x141000) = 0x7f00ce727000
close(3)                                = 0
openat(AT_FDCWD, "/lib/x86_64-linux-gnu/libexpat.so.1", O_RDONLY|O_CLOEXEC) = 3
read(3, "\177ELF\2\1\1\0\0\0\0\0\0\0\0\0\3\0>\0\1\0\0\0000A\0\0\0\0\0\0"..., 832) = 832
fstat(3, {st_mode=S_IFREG|0644, st_size=186496, ...}) = 0
mmap(NULL, 188576, PROT_READ, MAP_PRIVATE|MAP_DENYWRITE, 3, 0) = 0x7f00ce5b6000
mprotect(0x7f00ce5ba000, 163840, PROT_NONE) = 0
mmap(0x7f00ce5ba000, 118784, PROT_READ|PROT_EXEC, MAP_PRIVATE|MAP_FIXED|MAP_DENYWRITE, 3, 0x4000) = 0x7f00ce5ba000
mmap(0x7f00ce5d7000, 40960, PROT_READ, MAP_PRIVATE|MAP_FIXED|MAP_DENYWRITE, 3, 0x21000) = 0x7f00ce5d7000
mmap(0x7f00ce5e2000, 12288, PROT_READ|PROT_WRITE, MAP_PRIVATE|MAP_FIXED|MAP_DENYWRITE, 3, 0x2b000) = 0x7f00ce5e2000
close(3)                                = 0
openat(AT_FDCWD, "/lib/x86_64-linux-gnu/libz.so.1", O_RDONLY|O_CLOEXEC) = 3
read(3, "\177ELF\2\1\1\0\0\0\0\0\0\0\0\0\3\0>\0\1\0\0\0\0203\0\0\0\0\0\0"..., 832) = 832
fstat(3, {st_mode=S_IFREG|0644, st_size=113088, ...}) = 0
mmap(NULL, 115088, PROT_READ, MAP_PRIVATE|MAP_DENYWRITE, 3, 0) = 0x7f00ce599000
mprotect(0x7f00ce59c000, 98304, PROT_NONE) = 0
mmap(0x7f00ce59c000, 69632, PROT_READ|PROT_EXEC, MAP_PRIVATE|MAP_FIXED|MAP_DENYWRITE, 3, 0x3000) = 0x7f00ce59c000
mmap(0x7f00ce5ad000, 24576, PROT_READ, MAP_PRIVATE|MAP_FIXED|MAP_DENYWRITE, 3, 0x14000) = 0x7f00ce5ad000
mmap(0x7f00ce5b4000, 8192, PROT_READ|PROT_WRITE, MAP_PRIVATE|MAP_FIXED|MAP_DENYWRITE, 3, 0x1a000) = 0x7f00ce5b4000
close(3)                                = 0
openat(AT_FDCWD, "/lib/x86_64-linux-gnu/libc.so.6", O_RDONLY|O_CLOEXEC) = 3
read(3, "\177ELF\2\1\1\3\0\0\0\0\0\0\0\0\3\0>\0\1\0\0\0@>\2\0\0\0\0\0"..., 832) = 832
fstat(3, {st_mode=S_IFREG|0755, st_size=1901536, ...}) = 0
mmap(NULL, 8192, PROT_READ|PROT_WRITE, MAP_PRIVATE|MAP_ANONYMOUS, -1, 0) = 0x7f00ce597000
mmap(NULL, 1914496, PROT_READ, MAP_PRIVATE|MAP_DENYWRITE, 3, 0) = 0x7f00ce3c3000
mmap(0x7f00ce3e5000, 1413120, PROT_READ|PROT_EXEC, MAP_PRIVATE|MAP_FIXED|MAP_DENYWRITE, 3, 0x22000) = 0x7f00ce3e5000
mmap(0x7f00ce53e000, 323584, PROT_READ, MAP_PRIVATE|MAP_FIXED|MAP_DENYWRITE, 3, 0x17b000) = 0x7f00ce53e000
mmap(0x7f00ce58d000, 24576, PROT_READ|PROT_WRITE, MAP_PRIVATE|MAP_FIXED|MAP_DENYWRITE, 3, 0x1c9000) = 0x7f00ce58d000
mmap(0x7f00ce593000, 13952, PROT_READ|PROT_WRITE, MAP_PRIVATE|MAP_FIXED|MAP_ANONYMOUS, -1, 0) = 0x7f00ce593000
close(3)                                = 0
mmap(NULL, 12288, PROT_READ|PROT_WRITE, MAP_PRIVATE|MAP_ANONYMOUS, -1, 0) = 0x7f00ce3c0000
arch_prctl(ARCH_SET_FS, 0x7f00ce3c0740) = 0
mprotect(0x7f00ce58d000, 16384, PROT_READ) = 0
mprotect(0x7f00ce5b4000, 4096, PROT_READ) = 0
mprotect(0x7f00ce5e2000, 8192, PROT_READ) = 0
mprotect(0x7f00ce727000, 4096, PROT_READ) = 0
mprotect(0x7f00ce72c000, 4096, PROT_READ) = 0
mprotect(0x7f00ce732000, 4096, PROT_READ) = 0
mprotect(0x7f00ce750000, 4096, PROT_READ) = 0
mprotect(0x8f3000, 4096, PROT_READ)     = 0
mprotect(0x7f00ce789000, 4096, PROT_READ) = 0
munmap(0x7f00ce758000, 26109)           = 0
set_tid_address(0x7f00ce3c0a10)         = 3223
set_robust_list(0x7f00ce3c0a20, 24)     = 0
rt_sigaction(SIGRTMIN, {sa_handler=0x7f00ce73a690, sa_mask=[], sa_flags=SA_RESTORER|SA_SIGINFO, sa_restorer=0x7f00ce747140}, NULL, 8) = 0
rt_sigaction(SIGRT_1, {sa_handler=0x7f00ce73a730, sa_mask=[], sa_flags=SA_RESTORER|SA_RESTART|SA_SIGINFO, sa_restorer=0x7f00ce747140}, NULL, 8) = 0
rt_sigprocmask(SIG_UNBLOCK, [RTMIN RT_1], NULL, 8) = 0
prlimit64(0, RLIMIT_STACK, NULL, {rlim_cur=8192*1024, rlim_max=RLIM64_INFINITY}) = 0
brk(NULL)                               = 0x1611000
brk(0x1632000)                          = 0x1632000
openat(AT_FDCWD, "/usr/lib/locale/locale-archive", O_RDONLY|O_CLOEXEC) = -1 ENOENT (No such file or directory)
openat(AT_FDCWD, "/usr/share/locale/locale.alias", O_RDONLY|O_CLOEXEC) = -1 ENOENT (No such file or directory)
openat(AT_FDCWD, "/usr/lib/locale/C.UTF-8/LC_CTYPE", O_RDONLY|O_CLOEXEC) = 3
fstat(3, {st_mode=S_IFREG|0644, st_size=346132, ...}) = 0
mmap(NULL, 346132, PROT_READ, MAP_PRIVATE, 3, 0) = 0x7f00ce36b000
close(3)                                = 0
openat(AT_FDCWD, "/usr/lib/x86_64-linux-gnu/gconv/gconv-modules.cache", O_RDONLY) = 3
fstat(3, {st_mode=S_IFREG|0644, st_size=27002, ...}) = 0
mmap(NULL, 27002, PROT_READ, MAP_SHARED, 3, 0) = 0x7f00ce758000
close(3)                                = 0
futex(0x7f00ce59299c, FUTEX_WAKE_PRIVATE, 2147483647) = 0
getcwd("/home/circuitbreak98/linux-in-practice/02-syscall-and-non-kernel-os", 4096) = 68
stat("/home/circuitbreak98/.cargo/bin/python3", 0x7fffce914f60) = -1 ENOENT (No such file or directory)
stat("/usr/local/bin/python3", 0x7fffce914f60) = -1 ENOENT (No such file or directory)
stat("/usr/bin/python3", {st_mode=S_IFREG|0755, st_size=5479736, ...}) = 0
readlink("/usr/bin/python3", "python3.9", 4096) = 9
readlink("/usr/bin/python3.9", 0x7fffce90fd30, 4096) = -1 EINVAL (Invalid argument)
openat(AT_FDCWD, "/usr/bin/pyvenv.cfg", O_RDONLY) = -1 ENOENT (No such file or directory)
openat(AT_FDCWD, "/usr/pyvenv.cfg", O_RDONLY) = -1 ENOENT (No such file or directory)
stat("/usr/bin/Modules/Setup.local", 0x7fffce910cd0) = -1 ENOENT (No such file or directory)
stat("/usr/bin/lib/python3.9/os.py", 0x7fffce910bf0) = -1 ENOENT (No such file or directory)
stat("/usr/bin/lib/python3.9/os.pyc", 0x7fffce910bf0) = -1 ENOENT (No such file or directory)
stat("/usr/lib/python3.9/os.py", {st_mode=S_IFREG|0644, st_size=39065, ...}) = 0
openat(AT_FDCWD, "/usr/bin/pybuilddir.txt", O_RDONLY) = -1 ENOENT (No such file or directory)
stat("/usr/bin/lib/python3.9/lib-dynload", 0x7fffce90fd50) = -1 ENOENT (No such file or directory)
stat("/usr/lib/python3.9/lib-dynload", {st_mode=S_IFDIR|0755, st_size=4096, ...}) = 0
getrandom("\x0a\x1d\x47\xfd\x6d\x05\x34\xf8\x08\xfc\x04\x9d\x23\xab\x3a\x3a\x41\xcc\x9c\xfc\x24\xf8\x7d\x3e", 24, GRND_NONBLOCK) = 24
mmap(NULL, 262144, PROT_READ|PROT_WRITE, MAP_PRIVATE|MAP_ANONYMOUS, -1, 0) = 0x7f00ce32b000
mmap(NULL, 262144, PROT_READ|PROT_WRITE, MAP_PRIVATE|MAP_ANONYMOUS, -1, 0) = 0x7f00ce2eb000
brk(0x1657000)                          = 0x1657000
mmap(NULL, 262144, PROT_READ|PROT_WRITE, MAP_PRIVATE|MAP_ANONYMOUS, -1, 0) = 0x7f00ce2ab000
sysinfo({uptime=12577, loads=[192, 4224, 2912], totalram=2078408704, freeram=1507815424, sharedram=397312, bufferram=19402752, totalswap=0, freeswap=0, procs=106, totalhigh=0, freehigh=0, mem_unit=1}) = 0
openat(AT_FDCWD, "/etc/localtime", O_RDONLY|O_CLOEXEC) = 3
fstat(3, {st_mode=S_IFREG|0644, st_size=118, ...}) = 0
fstat(3, {st_mode=S_IFREG|0644, st_size=118, ...}) = 0
read(3, "TZif2\0\0\0\0\0\0\0\0\0\0\0\0\0\0\0\0\0\0\1\0\0\0\1\0\0\0\0"..., 4096) = 118
lseek(3, -62, SEEK_CUR)                 = 56
read(3, "TZif2\0\0\0\0\0\0\0\0\0\0\0\0\0\0\0\0\0\0\1\0\0\0\1\0\0\0\0"..., 4096) = 62
close(3)                                = 0
stat("/usr/lib/python39.zip", 0x7fffce9135d0) = -1 ENOENT (No such file or directory)
stat("/usr/lib", {st_mode=S_IFDIR|0755, st_size=4096, ...}) = 0
mmap(NULL, 262144, PROT_READ|PROT_WRITE, MAP_PRIVATE|MAP_ANONYMOUS, -1, 0) = 0x7f00ce26b000
stat("/usr/lib/python39.zip", 0x7fffce9132b0) = -1 ENOENT (No such file or directory)
stat("/usr/lib/python3.9", {st_mode=S_IFDIR|0755, st_size=12288, ...}) = 0
stat("/usr/lib/python3.9", {st_mode=S_IFDIR|0755, st_size=12288, ...}) = 0
stat("/usr/lib/python3.9", {st_mode=S_IFDIR|0755, st_size=12288, ...}) = 0
openat(AT_FDCWD, "/usr/lib/python3.9", O_RDONLY|O_NONBLOCK|O_CLOEXEC|O_DIRECTORY) = 3
fstat(3, {st_mode=S_IFDIR|0755, st_size=12288, ...}) = 0
brk(0x167f000)                          = 0x167f000
getdents64(3, 0x16562f0 /* 206 entries */, 32768) = 6880
getdents64(3, 0x16562f0 /* 0 entries */, 32768) = 0
close(3)                                = 0
brk(0x1679000)                          = 0x1679000
stat("/usr/lib/python3.9/encodings/__init__.cpython-39-x86_64-linux-gnu.so", 0x7fffce9136f0) = -1 ENOENT (No such file or directory)
stat("/usr/lib/python3.9/encodings/__init__.abi3.so", 0x7fffce9136f0) = -1 ENOENT (No such file or directory)
stat("/usr/lib/python3.9/encodings/__init__.so", 0x7fffce9136f0) = -1 ENOENT (No such file or directory)
stat("/usr/lib/python3.9/encodings/__init__.py", {st_mode=S_IFREG|0644, st_size=5588, ...}) = 0
stat("/usr/lib/python3.9/encodings/__init__.py", {st_mode=S_IFREG|0644, st_size=5588, ...}) = 0
openat(AT_FDCWD, "/usr/lib/python3.9/encodings/__pycache__/__init__.cpython-39.pyc", O_RDONLY|O_CLOEXEC) = 3
fcntl(3, F_GETFD)                       = 0x1 (flags FD_CLOEXEC)
fstat(3, {st_mode=S_IFREG|0644, st_size=3895, ...}) = 0
ioctl(3, TCGETS, 0x7fffce913d50)        = -1 ENOTTY (Inappropriate ioctl for device)
lseek(3, 0, SEEK_CUR)                   = 0
lseek(3, 0, SEEK_CUR)                   = 0
fstat(3, {st_mode=S_IFREG|0644, st_size=3895, ...}) = 0
read(3, "a\r\r\n\0\0\0\0\360\314;`\324\25\0\0\343\0\0\0\0\0\0\0\0\0\0\0\0\0\0\0"..., 3896) = 3895
read(3, "", 1)                          = 0
close(3)                                = 0
stat("/usr/lib/python3.9", {st_mode=S_IFDIR|0755, st_size=12288, ...}) = 0
stat("/usr/lib/python3.9/codecs.py", {st_mode=S_IFREG|0644, st_size=36673, ...}) = 0
stat("/usr/lib/python3.9/codecs.py", {st_mode=S_IFREG|0644, st_size=36673, ...}) = 0
openat(AT_FDCWD, "/usr/lib/python3.9/__pycache__/codecs.cpython-39.pyc", O_RDONLY|O_CLOEXEC) = 3
fstat(3, {st_mode=S_IFREG|0644, st_size=33886, ...}) = 0
ioctl(3, TCGETS, 0x7fffce912f20)        = -1 ENOTTY (Inappropriate ioctl for device)
lseek(3, 0, SEEK_CUR)                   = 0
lseek(3, 0, SEEK_CUR)                   = 0
fstat(3, {st_mode=S_IFREG|0644, st_size=33886, ...}) = 0
read(3, "a\r\r\n\0\0\0\0\360\314;`A\217\0\0\343\0\0\0\0\0\0\0\0\0\0\0\0\0\0\0"..., 33887) = 33886
read(3, "", 1)                          = 0
close(3)                                = 0
stat("/usr/lib/python3.9/encodings", {st_mode=S_IFDIR|0755, st_size=4096, ...}) = 0
stat("/usr/lib/python3.9/encodings", {st_mode=S_IFDIR|0755, st_size=4096, ...}) = 0
stat("/usr/lib/python3.9/encodings", {st_mode=S_IFDIR|0755, st_size=4096, ...}) = 0
openat(AT_FDCWD, "/usr/lib/python3.9/encodings", O_RDONLY|O_NONBLOCK|O_CLOEXEC|O_DIRECTORY) = 3
fstat(3, {st_mode=S_IFDIR|0755, st_size=4096, ...}) = 0
getdents64(3, 0x1665520 /* 125 entries */, 32768) = 4224
getdents64(3, 0x1665520 /* 0 entries */, 32768) = 0
close(3)                                = 0
stat("/usr/lib/python3.9/encodings/aliases.py", {st_mode=S_IFREG|0644, st_size=15677, ...}) = 0
stat("/usr/lib/python3.9/encodings/aliases.py", {st_mode=S_IFREG|0644, st_size=15677, ...}) = 0
openat(AT_FDCWD, "/usr/lib/python3.9/encodings/__pycache__/aliases.cpython-39.pyc", O_RDONLY|O_CLOEXEC) = 3
fstat(3, {st_mode=S_IFREG|0644, st_size=6328, ...}) = 0
ioctl(3, TCGETS, 0x7fffce912700)        = -1 ENOTTY (Inappropriate ioctl for device)
lseek(3, 0, SEEK_CUR)                   = 0
lseek(3, 0, SEEK_CUR)                   = 0
fstat(3, {st_mode=S_IFREG|0644, st_size=6328, ...}) = 0
read(3, "a\r\r\n\0\0\0\0\360\314;`==\0\0\343\0\0\0\0\0\0\0\0\0\0\0\0\0\0\0"..., 6329) = 6328
read(3, "", 1)                          = 0
close(3)                                = 0
stat("/usr/lib/python3.9/encodings", {st_mode=S_IFDIR|0755, st_size=4096, ...}) = 0
stat("/usr/lib/python3.9/encodings/utf_8.py", {st_mode=S_IFREG|0644, st_size=1005, ...}) = 0
stat("/usr/lib/python3.9/encodings/utf_8.py", {st_mode=S_IFREG|0644, st_size=1005, ...}) = 0
openat(AT_FDCWD, "/usr/lib/python3.9/encodings/__pycache__/utf_8.cpython-39.pyc", O_RDONLY|O_CLOEXEC) = 3
fstat(3, {st_mode=S_IFREG|0644, st_size=1630, ...}) = 0
ioctl(3, TCGETS, 0x7fffce913db0)        = -1 ENOTTY (Inappropriate ioctl for device)
lseek(3, 0, SEEK_CUR)                   = 0
lseek(3, 0, SEEK_CUR)                   = 0
fstat(3, {st_mode=S_IFREG|0644, st_size=1630, ...}) = 0
read(3, "a\r\r\n\0\0\0\0\360\314;`\355\3\0\0\343\0\0\0\0\0\0\0\0\0\0\0\0\0\0\0"..., 1631) = 1630
read(3, "", 1)                          = 0
close(3)                                = 0
rt_sigaction(SIGPIPE, {sa_handler=SIG_IGN, sa_mask=[], sa_flags=SA_RESTORER, sa_restorer=0x7f00ce747140}, {sa_handler=SIG_DFL, sa_mask=[], sa_flags=0}, 8) = 0
rt_sigaction(SIGXFSZ, {sa_handler=SIG_IGN, sa_mask=[], sa_flags=SA_RESTORER, sa_restorer=0x7f00ce747140}, {sa_handler=SIG_DFL, sa_mask=[], sa_flags=0}, 8) = 0
rt_sigaction(SIGHUP, NULL, {sa_handler=SIG_DFL, sa_mask=[], sa_flags=0}, 8) = 0
rt_sigaction(SIGINT, NULL, {sa_handler=SIG_DFL, sa_mask=[], sa_flags=0}, 8) = 0
rt_sigaction(SIGQUIT, NULL, {sa_handler=SIG_DFL, sa_mask=[], sa_flags=0}, 8) = 0
rt_sigaction(SIGILL, NULL, {sa_handler=SIG_DFL, sa_mask=[], sa_flags=0}, 8) = 0
rt_sigaction(SIGTRAP, NULL, {sa_handler=SIG_DFL, sa_mask=[], sa_flags=0}, 8) = 0
rt_sigaction(SIGABRT, NULL, {sa_handler=SIG_DFL, sa_mask=[], sa_flags=0}, 8) = 0
rt_sigaction(SIGBUS, NULL, {sa_handler=SIG_DFL, sa_mask=[], sa_flags=0}, 8) = 0
rt_sigaction(SIGFPE, NULL, {sa_handler=SIG_DFL, sa_mask=[], sa_flags=0}, 8) = 0
rt_sigaction(SIGKILL, NULL, {sa_handler=SIG_DFL, sa_mask=[], sa_flags=0}, 8) = 0
rt_sigaction(SIGUSR1, NULL, {sa_handler=SIG_DFL, sa_mask=[], sa_flags=0}, 8) = 0
rt_sigaction(SIGSEGV, NULL, {sa_handler=SIG_DFL, sa_mask=[], sa_flags=0}, 8) = 0
rt_sigaction(SIGUSR2, NULL, {sa_handler=SIG_DFL, sa_mask=[], sa_flags=0}, 8) = 0
rt_sigaction(SIGPIPE, NULL, {sa_handler=SIG_IGN, sa_mask=[], sa_flags=SA_RESTORER, sa_restorer=0x7f00ce747140}, 8) = 0
rt_sigaction(SIGALRM, NULL, {sa_handler=SIG_DFL, sa_mask=[], sa_flags=0}, 8) = 0
rt_sigaction(SIGTERM, NULL, {sa_handler=SIG_DFL, sa_mask=[], sa_flags=0}, 8) = 0
rt_sigaction(SIGSTKFLT, NULL, {sa_handler=SIG_DFL, sa_mask=[], sa_flags=0}, 8) = 0
rt_sigaction(SIGCHLD, NULL, {sa_handler=SIG_DFL, sa_mask=[], sa_flags=0}, 8) = 0
rt_sigaction(SIGCONT, NULL, {sa_handler=SIG_DFL, sa_mask=[], sa_flags=0}, 8) = 0
rt_sigaction(SIGSTOP, NULL, {sa_handler=SIG_DFL, sa_mask=[], sa_flags=0}, 8) = 0
rt_sigaction(SIGTSTP, NULL, {sa_handler=SIG_DFL, sa_mask=[], sa_flags=0}, 8) = 0
rt_sigaction(SIGTTIN, NULL, {sa_handler=SIG_DFL, sa_mask=[], sa_flags=0}, 8) = 0
rt_sigaction(SIGTTOU, NULL, {sa_handler=SIG_DFL, sa_mask=[], sa_flags=0}, 8) = 0
rt_sigaction(SIGURG, NULL, {sa_handler=SIG_DFL, sa_mask=[], sa_flags=0}, 8) = 0
rt_sigaction(SIGXCPU, NULL, {sa_handler=SIG_DFL, sa_mask=[], sa_flags=0}, 8) = 0
rt_sigaction(SIGXFSZ, NULL, {sa_handler=SIG_IGN, sa_mask=[], sa_flags=SA_RESTORER, sa_restorer=0x7f00ce747140}, 8) = 0
rt_sigaction(SIGVTALRM, NULL, {sa_handler=SIG_DFL, sa_mask=[], sa_flags=0}, 8) = 0
rt_sigaction(SIGPROF, NULL, {sa_handler=SIG_DFL, sa_mask=[], sa_flags=0}, 8) = 0
rt_sigaction(SIGWINCH, NULL, {sa_handler=SIG_DFL, sa_mask=[], sa_flags=0}, 8) = 0
rt_sigaction(SIGIO, NULL, {sa_handler=SIG_DFL, sa_mask=[], sa_flags=0}, 8) = 0
rt_sigaction(SIGPWR, NULL, {sa_handler=SIG_DFL, sa_mask=[], sa_flags=0}, 8) = 0
rt_sigaction(SIGSYS, NULL, {sa_handler=SIG_DFL, sa_mask=[], sa_flags=0}, 8) = 0
rt_sigaction(SIGRT_2, NULL, {sa_handler=SIG_DFL, sa_mask=[], sa_flags=0}, 8) = 0
rt_sigaction(SIGRT_3, NULL, {sa_handler=SIG_DFL, sa_mask=[], sa_flags=0}, 8) = 0
rt_sigaction(SIGRT_4, NULL, {sa_handler=SIG_DFL, sa_mask=[], sa_flags=0}, 8) = 0
rt_sigaction(SIGRT_5, NULL, {sa_handler=SIG_DFL, sa_mask=[], sa_flags=0}, 8) = 0
rt_sigaction(SIGRT_6, NULL, {sa_handler=SIG_DFL, sa_mask=[], sa_flags=0}, 8) = 0
rt_sigaction(SIGRT_7, NULL, {sa_handler=SIG_DFL, sa_mask=[], sa_flags=0}, 8) = 0
rt_sigaction(SIGRT_8, NULL, {sa_handler=SIG_DFL, sa_mask=[], sa_flags=0}, 8) = 0
rt_sigaction(SIGRT_9, NULL, {sa_handler=SIG_DFL, sa_mask=[], sa_flags=0}, 8) = 0
rt_sigaction(SIGRT_10, NULL, {sa_handler=SIG_DFL, sa_mask=[], sa_flags=0}, 8) = 0
rt_sigaction(SIGRT_11, NULL, {sa_handler=SIG_DFL, sa_mask=[], sa_flags=0}, 8) = 0
rt_sigaction(SIGRT_12, NULL, {sa_handler=SIG_DFL, sa_mask=[], sa_flags=0}, 8) = 0
rt_sigaction(SIGRT_13, NULL, {sa_handler=SIG_DFL, sa_mask=[], sa_flags=0}, 8) = 0
rt_sigaction(SIGRT_14, NULL, {sa_handler=SIG_DFL, sa_mask=[], sa_flags=0}, 8) = 0
rt_sigaction(SIGRT_15, NULL, {sa_handler=SIG_DFL, sa_mask=[], sa_flags=0}, 8) = 0
rt_sigaction(SIGRT_16, NULL, {sa_handler=SIG_DFL, sa_mask=[], sa_flags=0}, 8) = 0
rt_sigaction(SIGRT_17, NULL, {sa_handler=SIG_DFL, sa_mask=[], sa_flags=0}, 8) = 0
rt_sigaction(SIGRT_18, NULL, {sa_handler=SIG_DFL, sa_mask=[], sa_flags=0}, 8) = 0
rt_sigaction(SIGRT_19, NULL, {sa_handler=SIG_DFL, sa_mask=[], sa_flags=0}, 8) = 0
rt_sigaction(SIGRT_20, NULL, {sa_handler=SIG_DFL, sa_mask=[], sa_flags=0}, 8) = 0
rt_sigaction(SIGRT_21, NULL, {sa_handler=SIG_DFL, sa_mask=[], sa_flags=0}, 8) = 0
rt_sigaction(SIGRT_22, NULL, {sa_handler=SIG_DFL, sa_mask=[], sa_flags=0}, 8) = 0
rt_sigaction(SIGRT_23, NULL, {sa_handler=SIG_DFL, sa_mask=[], sa_flags=0}, 8) = 0
rt_sigaction(SIGRT_24, NULL, {sa_handler=SIG_DFL, sa_mask=[], sa_flags=0}, 8) = 0
rt_sigaction(SIGRT_25, NULL, {sa_handler=SIG_DFL, sa_mask=[], sa_flags=0}, 8) = 0
rt_sigaction(SIGRT_26, NULL, {sa_handler=SIG_DFL, sa_mask=[], sa_flags=0}, 8) = 0
rt_sigaction(SIGRT_27, NULL, {sa_handler=SIG_DFL, sa_mask=[], sa_flags=0}, 8) = 0
rt_sigaction(SIGRT_28, NULL, {sa_handler=SIG_DFL, sa_mask=[], sa_flags=0}, 8) = 0
rt_sigaction(SIGRT_29, NULL, {sa_handler=SIG_DFL, sa_mask=[], sa_flags=0}, 8) = 0
rt_sigaction(SIGRT_30, NULL, {sa_handler=SIG_DFL, sa_mask=[], sa_flags=0}, 8) = 0
rt_sigaction(SIGRT_31, NULL, {sa_handler=SIG_DFL, sa_mask=[], sa_flags=0}, 8) = 0
rt_sigaction(SIGRT_32, NULL, {sa_handler=SIG_DFL, sa_mask=[], sa_flags=0}, 8) = 0
rt_sigaction(SIGINT, {sa_handler=0x6402c0, sa_mask=[], sa_flags=SA_RESTORER, sa_restorer=0x7f00ce747140}, {sa_handler=SIG_DFL, sa_mask=[], sa_flags=0}, 8) = 0
fstat(0, {st_mode=S_IFCHR|0620, st_rdev=makedev(0x88, 0), ...}) = 0
stat("/usr/lib/python3.9/encodings", {st_mode=S_IFDIR|0755, st_size=4096, ...}) = 0
stat("/usr/lib/python3.9/encodings/latin_1.py", {st_mode=S_IFREG|0644, st_size=1264, ...}) = 0
stat("/usr/lib/python3.9/encodings/latin_1.py", {st_mode=S_IFREG|0644, st_size=1264, ...}) = 0
openat(AT_FDCWD, "/usr/lib/python3.9/encodings/__pycache__/latin_1.cpython-39.pyc", O_RDONLY|O_CLOEXEC) = 3
fstat(3, {st_mode=S_IFREG|0644, st_size=1893, ...}) = 0
ioctl(3, TCGETS, 0x7fffce913e40)        = -1 ENOTTY (Inappropriate ioctl for device)
lseek(3, 0, SEEK_CUR)                   = 0
lseek(3, 0, SEEK_CUR)                   = 0
fstat(3, {st_mode=S_IFREG|0644, st_size=1893, ...}) = 0
read(3, "a\r\r\n\0\0\0\0\360\314;`\360\4\0\0\343\0\0\0\0\0\0\0\0\0\0\0\0\0\0\0"..., 1894) = 1893
read(3, "", 1)                          = 0
close(3)                                = 0
stat("/usr/lib/python3.9", {st_mode=S_IFDIR|0755, st_size=12288, ...}) = 0
stat("/usr/lib/python3.9/io.py", {st_mode=S_IFREG|0644, st_size=3541, ...}) = 0
stat("/usr/lib/python3.9/io.py", {st_mode=S_IFREG|0644, st_size=3541, ...}) = 0
openat(AT_FDCWD, "/usr/lib/python3.9/__pycache__/io.cpython-39.pyc", O_RDONLY|O_CLOEXEC) = 3
fstat(3, {st_mode=S_IFREG|0644, st_size=3406, ...}) = 0
ioctl(3, TCGETS, 0x7fffce913e40)        = -1 ENOTTY (Inappropriate ioctl for device)
lseek(3, 0, SEEK_CUR)                   = 0
lseek(3, 0, SEEK_CUR)                   = 0
fstat(3, {st_mode=S_IFREG|0644, st_size=3406, ...}) = 0
read(3, "a\r\r\n\0\0\0\0\360\314;`\325\r\0\0\343\0\0\0\0\0\0\0\0\0\0\0\0\0\0\0"..., 3407) = 3406
read(3, "", 1)                          = 0
close(3)                                = 0
stat("/usr/lib/python3.9", {st_mode=S_IFDIR|0755, st_size=12288, ...}) = 0
stat("/usr/lib/python3.9/abc.py", {st_mode=S_IFREG|0644, st_size=4489, ...}) = 0
stat("/usr/lib/python3.9/abc.py", {st_mode=S_IFREG|0644, st_size=4489, ...}) = 0
openat(AT_FDCWD, "/usr/lib/python3.9/__pycache__/abc.cpython-39.pyc", O_RDONLY|O_CLOEXEC) = 3
fstat(3, {st_mode=S_IFREG|0644, st_size=5336, ...}) = 0
ioctl(3, TCGETS, 0x7fffce913010)        = -1 ENOTTY (Inappropriate ioctl for device)
lseek(3, 0, SEEK_CUR)                   = 0
lseek(3, 0, SEEK_CUR)                   = 0
fstat(3, {st_mode=S_IFREG|0644, st_size=5336, ...}) = 0
read(3, "a\r\r\n\0\0\0\0\360\314;`\211\21\0\0\343\0\0\0\0\0\0\0\0\0\0\0\0\0\0\0"..., 5337) = 5336
read(3, "", 1)                          = 0
close(3)                                = 0
dup(0)                                  = 3
close(3)                                = 0
fstat(0, {st_mode=S_IFCHR|0620, st_rdev=makedev(0x88, 0), ...}) = 0
ioctl(0, TCGETS, {B38400 opost isig icanon echo ...}) = 0
lseek(0, 0, SEEK_CUR)                   = -1 ESPIPE (Illegal seek)
ioctl(0, TCGETS, {B38400 opost isig icanon echo ...}) = 0
dup(1)                                  = 3
close(3)                                = 0
fstat(1, {st_mode=S_IFCHR|0620, st_rdev=makedev(0x88, 0), ...}) = 0
ioctl(1, TCGETS, {B38400 opost isig icanon echo ...}) = 0
lseek(1, 0, SEEK_CUR)                   = -1 ESPIPE (Illegal seek)
ioctl(1, TCGETS, {B38400 opost isig icanon echo ...}) = 0
dup(2)                                  = 3
close(3)                                = 0
fstat(2, {st_mode=S_IFCHR|0620, st_rdev=makedev(0x88, 0), ...}) = 0
ioctl(2, TCGETS, {B38400 opost isig icanon echo ...}) = 0
lseek(2, 0, SEEK_CUR)                   = -1 ESPIPE (Illegal seek)
ioctl(2, TCGETS, {B38400 opost isig icanon echo ...}) = 0
stat("/usr/lib/python3.9", {st_mode=S_IFDIR|0755, st_size=12288, ...}) = 0
stat("/usr/lib/python3.9/site.py", {st_mode=S_IFREG|0644, st_size=22561, ...}) = 0
stat("/usr/lib/python3.9/site.py", {st_mode=S_IFREG|0644, st_size=22561, ...}) = 0
openat(AT_FDCWD, "/usr/lib/python3.9/__pycache__/site.cpython-39.pyc", O_RDONLY|O_CLOEXEC) = 3
fstat(3, {st_mode=S_IFREG|0644, st_size=17300, ...}) = 0
ioctl(3, TCGETS, 0x7fffce913e40)        = -1 ENOTTY (Inappropriate ioctl for device)
lseek(3, 0, SEEK_CUR)                   = 0
lseek(3, 0, SEEK_CUR)                   = 0
fstat(3, {st_mode=S_IFREG|0644, st_size=17300, ...}) = 0
read(3, "a\r\r\n\0\0\0\0\360\314;`!X\0\0\343\0\0\0\0\0\0\0\0\0\0\0\0\0\0\0"..., 17301) = 17300
read(3, "", 1)                          = 0
close(3)                                = 0
brk(0x169a000)                          = 0x169a000
brk(0x1699000)                          = 0x1699000
brk(0x1695000)                          = 0x1695000
stat("/usr/lib/python3.9", {st_mode=S_IFDIR|0755, st_size=12288, ...}) = 0
stat("/usr/lib/python3.9/os.py", {st_mode=S_IFREG|0644, st_size=39065, ...}) = 0
stat("/usr/lib/python3.9/os.py", {st_mode=S_IFREG|0644, st_size=39065, ...}) = 0
openat(AT_FDCWD, "/usr/lib/python3.9/__pycache__/os.cpython-39.pyc", O_RDONLY|O_CLOEXEC) = 3
fstat(3, {st_mode=S_IFREG|0644, st_size=31644, ...}) = 0
ioctl(3, TCGETS, 0x7fffce913010)        = -1 ENOTTY (Inappropriate ioctl for device)
lseek(3, 0, SEEK_CUR)                   = 0
lseek(3, 0, SEEK_CUR)                   = 0
fstat(3, {st_mode=S_IFREG|0644, st_size=31644, ...}) = 0
read(3, "a\r\r\n\0\0\0\0\360\314;`\231\230\0\0\343\0\0\0\0\0\0\0\0\0\0\0\0\0\0\0"..., 31645) = 31644
read(3, "", 1)                          = 0
close(3)                                = 0
mmap(NULL, 262144, PROT_READ|PROT_WRITE, MAP_PRIVATE|MAP_ANONYMOUS, -1, 0) = 0x7f00ce22b000
stat("/usr/lib/python3.9", {st_mode=S_IFDIR|0755, st_size=12288, ...}) = 0
stat("/usr/lib/python3.9/stat.py", {st_mode=S_IFREG|0644, st_size=5485, ...}) = 0
stat("/usr/lib/python3.9/stat.py", {st_mode=S_IFREG|0644, st_size=5485, ...}) = 0
openat(AT_FDCWD, "/usr/lib/python3.9/__pycache__/stat.cpython-39.pyc", O_RDONLY|O_CLOEXEC) = 3
fstat(3, {st_mode=S_IFREG|0644, st_size=4370, ...}) = 0
ioctl(3, TCGETS, 0x7fffce9121e0)        = -1 ENOTTY (Inappropriate ioctl for device)
lseek(3, 0, SEEK_CUR)                   = 0
lseek(3, 0, SEEK_CUR)                   = 0
fstat(3, {st_mode=S_IFREG|0644, st_size=4370, ...}) = 0
read(3, "a\r\r\n\0\0\0\0\360\314;`m\25\0\0\343\0\0\0\0\0\0\0\0\0\0\0\0\0\0\0"..., 4371) = 4370
read(3, "", 1)                          = 0
close(3)                                = 0
mmap(NULL, 151552, PROT_READ|PROT_WRITE, MAP_PRIVATE|MAP_ANONYMOUS, -1, 0) = 0x7f00ce206000
stat("/usr/lib/python3.9", {st_mode=S_IFDIR|0755, st_size=12288, ...}) = 0
stat("/usr/lib/python3.9/_collections_abc.py", {st_mode=S_IFREG|0644, st_size=29341, ...}) = 0
stat("/usr/lib/python3.9/_collections_abc.py", {st_mode=S_IFREG|0644, st_size=29341, ...}) = 0
openat(AT_FDCWD, "/usr/lib/python3.9/__pycache__/_collections_abc.cpython-39.pyc", O_RDONLY|O_CLOEXEC) = 3
fstat(3, {st_mode=S_IFREG|0644, st_size=31704, ...}) = 0
ioctl(3, TCGETS, 0x7fffce9121e0)        = -1 ENOTTY (Inappropriate ioctl for device)
lseek(3, 0, SEEK_CUR)                   = 0
lseek(3, 0, SEEK_CUR)                   = 0
fstat(3, {st_mode=S_IFREG|0644, st_size=31704, ...}) = 0
read(3, "a\r\r\n\0\0\0\0\360\314;`\235r\0\0\343\0\0\0\0\0\0\0\0\0\0\0\0\0\0\0"..., 31705) = 31704
read(3, "", 1)                          = 0
close(3)                                = 0
stat("/usr/lib/python3.9", {st_mode=S_IFDIR|0755, st_size=12288, ...}) = 0
stat("/usr/lib/python3.9/posixpath.py", {st_mode=S_IFREG|0644, st_size=15627, ...}) = 0
stat("/usr/lib/python3.9/posixpath.py", {st_mode=S_IFREG|0644, st_size=15627, ...}) = 0
openat(AT_FDCWD, "/usr/lib/python3.9/__pycache__/posixpath.cpython-39.pyc", O_RDONLY|O_CLOEXEC) = 3
fstat(3, {st_mode=S_IFREG|0644, st_size=10327, ...}) = 0
ioctl(3, TCGETS, 0x7fffce9121e0)        = -1 ENOTTY (Inappropriate ioctl for device)
lseek(3, 0, SEEK_CUR)                   = 0
lseek(3, 0, SEEK_CUR)                   = 0
fstat(3, {st_mode=S_IFREG|0644, st_size=10327, ...}) = 0
read(3, "a\r\r\n\0\0\0\0\360\314;`\v=\0\0\343\0\0\0\0\0\0\0\0\0\0\0\0\0\0\0"..., 10328) = 10327
read(3, "", 1)                          = 0
close(3)                                = 0
stat("/usr/lib/python3.9", {st_mode=S_IFDIR|0755, st_size=12288, ...}) = 0
stat("/usr/lib/python3.9/genericpath.py", {st_mode=S_IFREG|0644, st_size=4975, ...}) = 0
stat("/usr/lib/python3.9/genericpath.py", {st_mode=S_IFREG|0644, st_size=4975, ...}) = 0
openat(AT_FDCWD, "/usr/lib/python3.9/__pycache__/genericpath.cpython-39.pyc", O_RDONLY|O_CLOEXEC) = 3
fstat(3, {st_mode=S_IFREG|0644, st_size=4022, ...}) = 0
ioctl(3, TCGETS, 0x7fffce9113b0)        = -1 ENOTTY (Inappropriate ioctl for device)
lseek(3, 0, SEEK_CUR)                   = 0
lseek(3, 0, SEEK_CUR)                   = 0
fstat(3, {st_mode=S_IFREG|0644, st_size=4022, ...}) = 0
read(3, "a\r\r\n\0\0\0\0\360\314;`o\23\0\0\343\0\0\0\0\0\0\0\0\0\0\0\0\0\0\0"..., 4023) = 4022
read(3, "", 1)                          = 0
close(3)                                = 0
mmap(NULL, 262144, PROT_READ|PROT_WRITE, MAP_PRIVATE|MAP_ANONYMOUS, -1, 0) = 0x7f00ce1c6000
stat("/usr/lib/python3.9", {st_mode=S_IFDIR|0755, st_size=12288, ...}) = 0
stat("/usr/lib/python3.9/_sitebuiltins.py", {st_mode=S_IFREG|0644, st_size=3115, ...}) = 0
stat("/usr/lib/python3.9/_sitebuiltins.py", {st_mode=S_IFREG|0644, st_size=3115, ...}) = 0
openat(AT_FDCWD, "/usr/lib/python3.9/__pycache__/_sitebuiltins.cpython-39.pyc", O_RDONLY|O_CLOEXEC) = 3
fstat(3, {st_mode=S_IFREG|0644, st_size=3499, ...}) = 0
ioctl(3, TCGETS, 0x7fffce913010)        = -1 ENOTTY (Inappropriate ioctl for device)
lseek(3, 0, SEEK_CUR)                   = 0
lseek(3, 0, SEEK_CUR)                   = 0
fstat(3, {st_mode=S_IFREG|0644, st_size=3499, ...}) = 0
read(3, "a\r\r\n\0\0\0\0\360\314;`+\f\0\0\343\0\0\0\0\0\0\0\0\0\0\0\0\0\0\0"..., 3500) = 3499
read(3, "", 1)                          = 0
close(3)                                = 0
stat("/usr/bin/pyvenv.cfg", 0x7fffce9137e0) = -1 ENOENT (No such file or directory)
stat("/usr/pyvenv.cfg", 0x7fffce9137e0) = -1 ENOENT (No such file or directory)
geteuid()                               = 1000
getuid()                                = 1000
getegid()                               = 1001
getgid()                                = 1001
stat("/home/circuitbreak98/.local/lib/python3.9/site-packages", 0x7fffce913a70) = -1 ENOENT (No such file or directory)
stat("/usr/local/lib/python3.9/dist-packages", {st_mode=S_IFDIR|0755, st_size=4096, ...}) = 0
openat(AT_FDCWD, "/usr/local/lib/python3.9/dist-packages", O_RDONLY|O_NONBLOCK|O_CLOEXEC|O_DIRECTORY) = 3
fstat(3, {st_mode=S_IFDIR|0755, st_size=4096, ...}) = 0
getdents64(3, 0x167f030 /* 2 entries */, 32768) = 48
getdents64(3, 0x167f030 /* 0 entries */, 32768) = 0
close(3)                                = 0
stat("/usr/lib/python3/dist-packages", {st_mode=S_IFDIR|0755, st_size=4096, ...}) = 0
openat(AT_FDCWD, "/usr/lib/python3/dist-packages", O_RDONLY|O_NONBLOCK|O_CLOEXEC|O_DIRECTORY) = 3
fstat(3, {st_mode=S_IFDIR|0755, st_size=4096, ...}) = 0
getdents64(3, 0x167f030 /* 47 entries */, 32768) = 1952
getdents64(3, 0x167f030 /* 0 entries */, 32768) = 0
close(3)                                = 0
stat("/usr/lib/python3.9/dist-packages", 0x7fffce913970) = -1 ENOENT (No such file or directory)
stat("/usr/lib/python3.9", {st_mode=S_IFDIR|0755, st_size=12288, ...}) = 0
stat("/usr/lib/python3.9/sitecustomize.py", {st_mode=S_IFREG|0644, st_size=155, ...}) = 0
stat("/usr/lib/python3.9/sitecustomize.py", {st_mode=S_IFREG|0644, st_size=155, ...}) = 0
openat(AT_FDCWD, "/usr/lib/python3.9/__pycache__/sitecustomize.cpython-39.pyc", O_RDONLY|O_CLOEXEC) = 3
fstat(3, {st_mode=S_IFREG|0644, st_size=218, ...}) = 0
ioctl(3, TCGETS, 0x7fffce912cf0)        = -1 ENOTTY (Inappropriate ioctl for device)
lseek(3, 0, SEEK_CUR)                   = 0
lseek(3, 0, SEEK_CUR)                   = 0
fstat(3, {st_mode=S_IFREG|0644, st_size=218, ...}) = 0
read(3, "a\r\r\n\0\0\0\0\360\314;`\233\0\0\0\343\0\0\0\0\0\0\0\0\0\0\0\0\0\0\0"..., 219) = 218
read(3, "", 1)                          = 0
close(3)                                = 0
stat("/usr/lib/python3.9", {st_mode=S_IFDIR|0755, st_size=12288, ...}) = 0
stat("/usr/lib/python3.9/lib-dynload", {st_mode=S_IFDIR|0755, st_size=4096, ...}) = 0
stat("/usr/lib/python3.9/lib-dynload", {st_mode=S_IFDIR|0755, st_size=4096, ...}) = 0
stat("/usr/lib/python3.9/lib-dynload", {st_mode=S_IFDIR|0755, st_size=4096, ...}) = 0
openat(AT_FDCWD, "/usr/lib/python3.9/lib-dynload", O_RDONLY|O_NONBLOCK|O_CLOEXEC|O_DIRECTORY) = 3
fstat(3, {st_mode=S_IFDIR|0755, st_size=4096, ...}) = 0
getdents64(3, 0x167f030 /* 47 entries */, 32768) = 2920
getdents64(3, 0x167f030 /* 0 entries */, 32768) = 0
close(3)                                = 0
stat("/usr/local/lib/python3.9/dist-packages", {st_mode=S_IFDIR|0755, st_size=4096, ...}) = 0
stat("/usr/local/lib/python3.9/dist-packages", {st_mode=S_IFDIR|0755, st_size=4096, ...}) = 0
stat("/usr/local/lib/python3.9/dist-packages", {st_mode=S_IFDIR|0755, st_size=4096, ...}) = 0
openat(AT_FDCWD, "/usr/local/lib/python3.9/dist-packages", O_RDONLY|O_NONBLOCK|O_CLOEXEC|O_DIRECTORY) = 3
fstat(3, {st_mode=S_IFDIR|0755, st_size=4096, ...}) = 0
getdents64(3, 0x167f030 /* 2 entries */, 32768) = 48
getdents64(3, 0x167f030 /* 0 entries */, 32768) = 0
close(3)                                = 0
stat("/usr/lib/python3/dist-packages", {st_mode=S_IFDIR|0755, st_size=4096, ...}) = 0
stat("/usr/lib/python3/dist-packages", {st_mode=S_IFDIR|0755, st_size=4096, ...}) = 0
stat("/usr/lib/python3/dist-packages", {st_mode=S_IFDIR|0755, st_size=4096, ...}) = 0
openat(AT_FDCWD, "/usr/lib/python3/dist-packages", O_RDONLY|O_NONBLOCK|O_CLOEXEC|O_DIRECTORY) = 3
fstat(3, {st_mode=S_IFDIR|0755, st_size=4096, ...}) = 0
getdents64(3, 0x167f030 /* 47 entries */, 32768) = 1952
getdents64(3, 0x167f030 /* 0 entries */, 32768) = 0
close(3)                                = 0
stat("/usr/lib/python3.9", {st_mode=S_IFDIR|0755, st_size=12288, ...}) = 0
stat("/usr/lib/python3.9/lib-dynload", {st_mode=S_IFDIR|0755, st_size=4096, ...}) = 0
stat("/usr/local/lib/python3.9/dist-packages", {st_mode=S_IFDIR|0755, st_size=4096, ...}) = 0
stat("/usr/lib/python3/dist-packages", {st_mode=S_IFDIR|0755, st_size=4096, ...}) = 0
stat("/home/circuitbreak98/linux-in-practice/02-syscall-and-non-kernel-os/hello.py", {st_mode=S_IFREG|0644, st_size=21, ...}) = 0
openat(AT_FDCWD, "/home/circuitbreak98/linux-in-practice/02-syscall-and-non-kernel-os/hello.py", O_RDONLY|O_CLOEXEC) = 3
fstat(3, {st_mode=S_IFREG|0644, st_size=21, ...}) = 0
ioctl(3, TCGETS, 0x7fffce914b00)        = -1 ENOTTY (Inappropriate ioctl for device)
lseek(3, 0, SEEK_CUR)                   = 0
lseek(3, -22, SEEK_END)                 = -1 EINVAL (Invalid argument)
close(3)                                = 0
stat("/home/circuitbreak98/linux-in-practice/02-syscall-and-non-kernel-os/hello.py", {st_mode=S_IFREG|0644, st_size=21, ...}) = 0
readlink("hello.py", 0x7fffce9043b0, 4096) = -1 EINVAL (Invalid argument)
getcwd("/home/circuitbreak98/linux-in-practice/02-syscall-and-non-kernel-os", 4096) = 68
lstat("/home/circuitbreak98/linux-in-practice/02-syscall-and-non-kernel-os/hello.py", {st_mode=S_IFREG|0644, st_size=21, ...}) = 0
openat(AT_FDCWD, "/home/circuitbreak98/linux-in-practice/02-syscall-and-non-kernel-os/hello.py", O_RDONLY) = 3
fcntl(3, F_GETFD)                       = 0
fcntl(3, F_SETFD, FD_CLOEXEC)           = 0
fstat(3, {st_mode=S_IFREG|0644, st_size=21, ...}) = 0
ioctl(3, TCGETS, 0x7fffce915340)        = -1 ENOTTY (Inappropriate ioctl for device)
lseek(3, 0, SEEK_CUR)                   = 0
fstat(3, {st_mode=S_IFREG|0644, st_size=21, ...}) = 0
read(3, "print(\"hello world\")\n", 4096) = 21
lseek(3, 0, SEEK_SET)                   = 0
read(3, "print(\"hello world\")\n", 4096) = 21
read(3, "", 4096)                       = 0
close(3)                                = 0
write(1, "hello world\n", 12)           = 12
rt_sigaction(SIGINT, {sa_handler=SIG_DFL, sa_mask=[], sa_flags=SA_RESTORER, sa_restorer=0x7f00ce747140}, {sa_handler=0x6402c0, sa_mask=[], sa_flags=SA_RESTORER, sa_restorer=0x7f00ce747140}, 8) = 0
exit_group(0)                           = ?
+++ exited with 0 +++
